{"level":"info","request_id":"RSHCM207PCC/rK7pmOVX8t-000003","method":"POST","path":"/api/v1/users","time":"2025-10-21T15:24:27+07:00","message":"Creating new user"}
{"level":"info","request_id":"RSHCM207PCC/rK7pmOVX8t-000003","method":"POST","path":"/api/v1/users","user_id":"c1c1623c-bacc-4d11-bd32-3156f9d013c4","email":"","time":"2025-10-21T15:24:27+07:00","message":"User created successfully"}
{"level":"info","request_id":"RSHCM207PCC/rK7pmOVX8t-000003","method":"POST","uri":"/api/v1/users","path":"/api/v1/users","remote_addr":"[::1]:64984","user_agent":"Apidog/1.0.0 (https://apidog.com)","content_type":"application/json","status":201,"duration":0.5276,"duration_ms":0,"accept":"*/*","referer":"","request_body":"{\r\n    \"Name\": \"Anh Ngo\"\r\n}","request_size":27,"response_body":"{\"id\":\"c1c1623c-bacc-4d11-bd32-3156f9d013c4\",\"name\":\"Anh Ngo\",\"email\":\"\",\"created_at\":\"2025-10-21T15:24:27.0586081+07:00\",\"updated_at\":\"2025-10-21T15:24:27.0586081+07:00\"}\n","response_size":172,"response_content_type":"application/json","time":"2025-10-21T15:24:27+07:00","message":"Request completed"}
{"level":"info","request_id":"RSHCM207PCC/rK7pmOVX8t-000004","method":"POST","path":"/api/v1/users","time":"2025-10-21T15:27:41+07:00","message":"Creating new user"}
{"level":"info","request_id":"RSHCM207PCC/rK7pmOVX8t-000004","method":"POST","path":"/api/v1/users","user_id":"9adae65d-3514-47de-afc8-67e8d33c4880","email":"","time":"2025-10-21T15:27:41+07:00","message":"User created successfully"}
{"level":"info","request_id":"RSHCM207PCC/rK7pmOVX8t-000004","method":"POST","uri":"/api/v1/users","path":"/api/v1/users","remote_addr":"[::1]:64984","user_agent":"Apidog/1.0.0 (https://apidog.com)","content_type":"application/json","status":201,"duration":1.08,"duration_ms":1,"accept":"*/*","referer":"","request_body":"{\r\n    \"Name\": \"Anh Ngo\"\r\n}","request_size":27,"response_body":"{\"id\":\"9adae65d-3514-47de-afc8-67e8d33c4880\",\"name\":\"Anh Ngo\",\"email\":\"\",\"created_at\":\"2025-10-21T15:27:41.0613202+07:00\",\"updated_at\":\"2025-10-21T15:27:41.0613202+07:00\"}\n","response_size":172,"response_content_type":"application/json","time":"2025-10-21T15:27:41+07:00","message":"Request completed"}
{"level":"info","time":"2025-10-21T15:28:16+07:00","message":"Starting ApiCore application..."}
{"level":"info","time":"2025-10-21T15:28:16+07:00","message":"Dependencies initialized successfully"}
{"level":"info","time":"2025-10-21T15:28:16+07:00","message":"Server starting on :3000"}
{"level":"info","time":"2025-10-21T15:28:16+07:00","message":"Documentation: http://localhost:3000/docs"}
{"level":"info","time":"2025-10-21T15:28:16+07:00","message":"Swagger UI: http://localhost:3000/swagger"}
{"level":"info","request_id":"RSHCM207PCC/6AwfAz8lCV-000001","method":"POST","path":"/api/v1/users","time":"2025-10-21T15:28:21+07:00","message":"Creating new user"}
{"level":"info","request_id":"RSHCM207PCC/6AwfAz8lCV-000001","method":"POST","path":"/api/v1/users","user_id":"5cbb6f7b-bbf2-449e-a72d-d959e18bb994","email":"","time":"2025-10-21T15:28:21+07:00","message":"User created successfully"}
{"level":"info","request_id":"RSHCM207PCC/6AwfAz8lCV-000001","method":"POST","uri":"/api/v1/users","path":"/api/v1/users","remote_addr":"[::1]:59672","user_agent":"Apidog/1.0.0 (https://apidog.com)","content_type":"application/json","status":201,"duration":4.3786,"duration_ms":4,"accept":"*/*","referer":"","request_body":"{\r\n    \"Name\": \"Anh Ngo\"\r\n}","request_size":27,"response_body":"{\"id\":\"5cbb6f7b-bbf2-449e-a72d-d959e18bb994\",\"name\":\"Anh Ngo\",\"email\":\"\",\"created_at\":\"2025-10-21T15:28:21.2355272+07:00\",\"updated_at\":\"2025-10-21T15:28:21.2355272+07:00\"}\n","response_size":172,"response_content_type":"application/json","time":"2025-10-21T15:28:21+07:00","message":"Request completed"}
{"level":"info","time":"2025-10-21T15:36:30+07:00","message":"Starting ApiCore application..."}
{"level":"info","time":"2025-10-21T15:36:30+07:00","message":"Dependencies initialized successfully"}
{"level":"info","time":"2025-10-21T15:36:30+07:00","message":"Server starting on :3000"}
{"level":"info","time":"2025-10-21T15:36:30+07:00","message":"Documentation: http://localhost:3000/docs"}
{"level":"info","time":"2025-10-21T15:36:30+07:00","message":"Swagger UI: http://localhost:3000/swagger"}
{"level":"info","request_id":"RSHCM207PCC/0vFDrQ6OpY-000001","method":"POST","path":"/api/v1/users","time":"2025-10-21T15:36:34+07:00","message":"Creating new user"}
{"level":"info","request_id":"RSHCM207PCC/0vFDrQ6OpY-000001","method":"POST","path":"/api/v1/users","user_id":"7f636938-f55d-4aba-8802-a7e83e2c39b4","email":"","time":"2025-10-21T15:36:34+07:00","message":"User created successfully"}
{"level":"info","request_id":"RSHCM207PCC/0vFDrQ6OpY-000001","method":"POST","uri":"/api/v1/users","path":"/api/v1/users","remote_addr":"[::1]:60480","user_agent":"Apidog/1.0.0 (https://apidog.com)","content_type":"application/json","status":201,"duration":5.3037,"duration_ms":5,"accept":"*/*","referer":"","request_body":"{\r\n    \"Name\": \"Anh Ngo\"\r\n}","request_size":27,"response_body":"{\"id\":\"7f636938-f55d-4aba-8802-a7e83e2c39b4\",\"name\":\"Anh Ngo\",\"email\":\"\",\"created_at\":\"2025-10-21T15:36:34.822687+07:00\",\"updated_at\":\"2025-10-21T15:36:34.822687+07:00\"}\n","response_size":170,"response_content_type":"application/json","time":"2025-10-21T15:36:34+07:00","message":"Request completed"}
